<?xml version="1.0" encoding="UTF-8"?>
<!-- Generated by org.testng.reporters.JUnitXMLReporter -->
<testsuite hostname="DESKTOP-PO91V4R" ignored="2" name="Test1" tests="1" failures="1" timestamp="26 Jul 2017 07:55:53 GMT" time="10.652" errors="0">
  <testcase name="ttt1" time="0.516" classname="com.tvisha1.Tvisha2">
    <failure type="java.lang.NullPointerException">
      <![CDATA[java.lang.NullPointerException
	at com.tvisha1.Tvisha2.ttt1(Tvisha2.java:15)
... Removed 25 stack frames]]>
    </failure>
  </testcase> <!-- ttt1 -->
  <testcase name="@AfterTest quit" time="0.0" classname="com.tvisha1.Tvisha1">
    <ignored/>
  </testcase> <!-- @AfterTest quit -->
  <testcase name="@BeforeTest tvisha1" time="0.0" classname="com.tvisha1.Tvisha1">
    <ignored/>
  </testcase> <!-- @BeforeTest tvisha1 -->
</testsuite> <!-- Test1 -->
